current directory: /home/isaac/Documentos/projetos/ruby/invenio/i-gerencia-imoveis/''/gems/rbs-3.5.3/ext/rbs_extension
/home/isaac/.asdf/installs/ruby/3.3.0/bin/ruby extconf.rb
checking for whether -std=gnu99 is accepted as CFLAGS... yes
creating Makefile

current directory: /home/isaac/Documentos/projetos/ruby/invenio/i-gerencia-imoveis/''/gems/rbs-3.5.3/ext/rbs_extension
make DESTDIR\= sitearchdir\=./.gem.20240829-8213-addod0 sitelibdir\=./.gem.20240829-8213-addod0 clean

current directory: /home/isaac/Documentos/projetos/ruby/invenio/i-gerencia-imoveis/''/gems/rbs-3.5.3/ext/rbs_extension
make DESTDIR\= sitearchdir\=./.gem.20240829-8213-addod0 sitelibdir\=./.gem.20240829-8213-addod0
compiling constants.c
compiling lexer.c
compiling lexstate.c
compiling location.c
compiling main.c
compiling parser.c
compiling parserstate.c
compiling ruby_objs.c
compiling unescape.c
linking shared-object rbs_extension.so

current directory: /home/isaac/Documentos/projetos/ruby/invenio/i-gerencia-imoveis/''/gems/rbs-3.5.3/ext/rbs_extension
make DESTDIR\= sitearchdir\=./.gem.20240829-8213-addod0 sitelibdir\=./.gem.20240829-8213-addod0 install
/usr/bin/install -c -m 0755 rbs_extension.so ./.gem.20240829-8213-addod0

current directory: /home/isaac/Documentos/projetos/ruby/invenio/i-gerencia-imoveis/''/gems/rbs-3.5.3/ext/rbs_extension
make DESTDIR\= sitearchdir\=./.gem.20240829-8213-addod0 sitelibdir\=./.gem.20240829-8213-addod0 clean
