current directory: /home/isaac/Documentos/projetos/ruby/invenio/i-gerencia-imoveis/''/gems/prism-0.30.0/ext/prism
/home/isaac/.asdf/installs/ruby/3.3.0/bin/ruby extconf.rb
checking for prism.h in /home/isaac/Documentos/projetos/ruby/invenio/i-gerencia-imoveis/''/gems/prism-0.30.0/include... no
*** extconf.rb failed ***
Could not create Makefile due to some reason, probably lack of necessary
libraries and/or headers.  Check the mkmf.log file for more details.  You may
need configuration options.

Provided configuration options:
	--with-opt-dir
	--without-opt-dir
	--with-opt-include=${opt-dir}/include
	--without-opt-include
	--with-opt-lib=${opt-dir}/lib
	--without-opt-lib
	--with-make-prog
	--without-make-prog
	--srcdir=.
	--curdir
	--ruby=/home/isaac/.asdf/installs/ruby/3.3.0/bin/$(RUBY_BASE_NAME)
extconf.rb:98:in `<main>': prism.h is required (RuntimeError)

To see why this extension failed to compile, please check the mkmf.log which can be found here:

  /home/isaac/Documentos/projetos/ruby/invenio/i-gerencia-imoveis/''/extensions/x86_64-linux/3.3.0/prism-0.30.0/mkmf.log

extconf failed, exit code 1
