find_header: checking for prism.h in /home/isaac/Documentos/projetos/ruby/invenio/i-gerencia-imoveis/''/gems/prism-0.30.0/include... -------------------- no

LD_LIBRARY_PATH=.:/home/isaac/.asdf/installs/ruby/3.3.0/lib "gcc -o conftest -I/home/isaac/.asdf/installs/ruby/3.3.0/include/ruby-3.3.0/x86_64-linux -I/home/isaac/.asdf/installs/ruby/3.3.0/include/ruby-3.3.0/ruby/backward -I/home/isaac/.asdf/installs/ruby/3.3.0/include/ruby-3.3.0 -I.    -O3 -fno-fast-math -ggdb3 -Wall -Wextra -Wdeprecated-declarations -Wdiv-by-zero -Wduplicated-cond -Wimplicit-function-declaration -Wimplicit-int -Wpointer-arith -Wwrite-strings -Wold-style-definition -Wimplicit-fallthrough=0 -Wmissing-noreturn -Wno-cast-function-type -Wno-constant-logical-operand -Wno-long-long -Wno-missing-field-initializers -Wno-overlength-strings -Wno-packed-bitfield-compat -Wno-parentheses-equality -Wno-self-assign -Wno-tautological-compare -Wno-unused-parameter -Wno-unused-value -Wsuggest-attribute=format -Wsuggest-attribute=noreturn -Wunused-variable -Wmisleading-indentation -Wundef  -fPIC conftest.c  -L. -L/home/isaac/.asdf/installs/ruby/3.3.0/lib -Wl,-rpath,/home/isaac/.asdf/installs/ruby/3.3.0/lib -L. -fstack-protector-strong -rdynamic -Wl,-export-dynamic -Wl,--no-as-needed     -Wl,-rpath,/home/isaac/.asdf/installs/ruby/3.3.0/lib -L/home/isaac/.asdf/installs/ruby/3.3.0/lib -lruby  -lm -lpthread  -lc"
checked program was:
/* begin */
1: #include "ruby.h"
2: 
3: int main(int argc, char **argv)
4: {
5:   return !!argv[argc];
6: }
/* end */

LD_LIBRARY_PATH=.:/home/isaac/.asdf/installs/ruby/3.3.0/lib "gcc -I/home/isaac/.asdf/installs/ruby/3.3.0/include/ruby-3.3.0/x86_64-linux -I/home/isaac/.asdf/installs/ruby/3.3.0/include/ruby-3.3.0/ruby/backward -I/home/isaac/.asdf/installs/ruby/3.3.0/include/ruby-3.3.0 -I.    -O3 -fno-fast-math -ggdb3 -Wall -Wextra -Wdeprecated-declarations -Wdiv-by-zero -Wduplicated-cond -Wimplicit-function-declaration -Wimplicit-int -Wpointer-arith -Wwrite-strings -Wold-style-definition -Wimplicit-fallthrough=0 -Wmissing-noreturn -Wno-cast-function-type -Wno-constant-logical-operand -Wno-long-long -Wno-missing-field-initializers -Wno-overlength-strings -Wno-packed-bitfield-compat -Wno-parentheses-equality -Wno-self-assign -Wno-tautological-compare -Wno-unused-parameter -Wno-unused-value -Wsuggest-attribute=format -Wsuggest-attribute=noreturn -Wunused-variable -Wmisleading-indentation -Wundef  -fPIC   -c conftest.c"
conftest.c:3:10: fatal error: prism.h: Arquivo ou diretório inexistente
    3 | #include <prism.h>
      |          ^~~~~~~~~
compilation terminated.
checked program was:
/* begin */
1: #include "ruby.h"
2: 
3: #include <prism.h>
/* end */

LD_LIBRARY_PATH=.:/home/isaac/.asdf/installs/ruby/3.3.0/lib "gcc -I/home/isaac/.asdf/installs/ruby/3.3.0/include/ruby-3.3.0/x86_64-linux -I/home/isaac/.asdf/installs/ruby/3.3.0/include/ruby-3.3.0/ruby/backward -I/home/isaac/.asdf/installs/ruby/3.3.0/include/ruby-3.3.0 -I.    -O3 -fno-fast-math -ggdb3 -Wall -Wextra -Wdeprecated-declarations -Wdiv-by-zero -Wduplicated-cond -Wimplicit-function-declaration -Wimplicit-int -Wpointer-arith -Wwrite-strings -Wold-style-definition -Wimplicit-fallthrough=0 -Wmissing-noreturn -Wno-cast-function-type -Wno-constant-logical-operand -Wno-long-long -Wno-missing-field-initializers -Wno-overlength-strings -Wno-packed-bitfield-compat -Wno-parentheses-equality -Wno-self-assign -Wno-tautological-compare -Wno-unused-parameter -Wno-unused-value -Wsuggest-attribute=format -Wsuggest-attribute=noreturn -Wunused-variable -Wmisleading-indentation -Wundef  -fPIC  -I/home/isaac/Documentos/projetos/ruby/invenio/i-gerencia-imoveis/''/gems/prism-0.30.0/include -c conftest.c"
conftest.c:3:10: fatal error: prism.h: Arquivo ou diretório inexistente
    3 | #include <prism.h>
      |          ^~~~~~~~~
compilation terminated.
checked program was:
/* begin */
1: #include "ruby.h"
2: 
3: #include <prism.h>
/* end */

--------------------

